# JRE version: OpenJDK Runtime Environment Temurin-17.0.11+9 (17.0.11+9) (build 17.0.11+9)
# Java VM: OpenJDK 64-Bit Server VM Temurin-17.0.11+9 (17.0.11+9, mixed mode, emulated-client, tiered, compressed oops, compressed class ptrs, g1 gc, windows-amd64)
GC Precious Log:
 CPUs: 8 total, 8 available
 Memory: 3526M
 Large Page Support: Disabled
 NUMA Support: Disabled
 Compressed Oops: Enabled (32-bit)
 Heap Region Size: 1M
 Heap Min Capacity: 8M
 Heap Initial Capacity: 56M
 Heap Max Capacity: 1G
 Pre-touch: Disabled
 Parallel Workers: 8
 Concurrent Workers: 2
 Concurrent Refinement Workers: 8
 Periodic GC: Disabled
Heap:
 garbage-first heap   total 110592K, used 36693K [0x00000000c0000000, 0x0000000100000000)
  region size 1024K, 1 young (1024K), 0 survivors (0K)
 Metaspace       used 58169K, committed 58944K, reserved 1114112K
  class space    used 7200K, committed 7488K, reserved 1048576K
GC Heap History (20 events):
Event: 2417.203 GC heap before
{Heap before GC invocations=226 (full 210):
 garbage-first heap   total 110592K, used 36693K [0x00000000c0000000, 0x0000000100000000)
  region size 1024K, 1 young (1024K), 0 survivors (0K)
 Metaspace       used 58169K, committed 58944K, reserved 1114112K
  class space    used 7200K, committed 7488K, reserved 1048576K
}
Event: 2417.273 GC heap after
{Heap after GC invocations=227 (full 211):
 garbage-first heap   total 110592K, used 36693K [0x00000000c0000000, 0x0000000100000000)
  region size 1024K, 0 young (0K), 0 survivors (0K)
 Metaspace       used 58169K, committed 58944K, reserved 1114112K
  class space    used 7200K, committed 7488K, reserved 1048576K
}
Event: 2427.615 GC heap before
{Heap before GC invocations=227 (full 211):
 garbage-first heap   total 110592K, used 36693K [0x00000000c0000000, 0x0000000100000000)
  region size 1024K, 1 young (1024K), 0 survivors (0K)
 Metaspace       used 58169K, committed 58944K, reserved 1114112K
  class space    used 7200K, committed 7488K, reserved 1048576K
}
Event: 2427.671 GC heap after
{Heap after GC invocations=228 (full 212):
 garbage-first heap   total 110592K, used 36693K [0x00000000c0000000, 0x0000000100000000)
  region size 1024K, 0 young (0K), 0 survivors (0K)
 Metaspace       used 58169K, committed 58944K, reserved 1114112K
  class space    used 7200K, committed 7488K, reserved 1048576K
}
Event: 2438.100 GC heap before
{Heap before GC invocations=228 (full 212):
 garbage-first heap   total 110592K, used 36693K [0x00000000c0000000, 0x0000000100000000)
  region size 1024K, 1 young (1024K), 0 survivors (0K)
 Metaspace       used 58169K, committed 58944K, reserved 1114112K
  class space    used 7200K, committed 7488K, reserved 1048576K
}
Event: 2438.149 GC heap after
{Heap after GC invocations=229 (full 213):
 garbage-first heap   total 110592K, used 36693K [0x00000000c0000000, 0x0000000100000000)
  region size 1024K, 0 young (0K), 0 survivors (0K)
 Metaspace       used 58169K, committed 58944K, reserved 1114112K
  class space    used 7200K, committed 7488K, reserved 1048576K
}
Event: 2448.797 GC heap before
{Heap before GC invocations=229 (full 213):
 garbage-first heap   total 110592K, used 36693K [0x00000000c0000000, 0x0000000100000000)
  region size 1024K, 1 young (1024K), 0 survivors (0K)
 Metaspace       used 58169K, committed 58944K, reserved 1114112K
  class space    used 7200K, committed 7488K, reserved 1048576K
}
Event: 2449.125 GC heap after
{Heap after GC invocations=230 (full 214):
 garbage-first heap   total 110592K, used 36693K [0x00000000c0000000, 0x0000000100000000)
  region size 1024K, 0 young (0K), 0 survivors (0K)
 Metaspace       used 58169K, committed 58944K, reserved 1114112K
  class space    used 7200K, committed 7488K, reserved 1048576K
}
Event: 2459.582 GC heap before
{Heap before GC invocations=230 (full 214):
 garbage-first heap   total 110592K, used 36693K [0x00000000c0000000, 0x0000000100000000)
  region size 1024K, 1 young (1024K), 0 survivors (0K)
 Metaspace       used 58169K, committed 58944K, reserved 1114112K
  class space    used 7200K, committed 7488K, reserved 1048576K
}
Event: 2459.653 GC heap after
{Heap after GC invocations=231 (full 215):
 garbage-first heap   total 110592K, used 36693K [0x00000000c0000000, 0x0000000100000000)
  region size 1024K, 0 young (0K), 0 survivors (0K)
 Metaspace       used 58169K, committed 58944K, reserved 1114112K
  class space    used 7200K, committed 7488K, reserved 1048576K
}
Event: 2470.291 GC heap before
{Heap before GC invocations=231 (full 215):
 garbage-first heap   total 110592K, used 36693K [0x00000000c0000000, 0x0000000100000000)
  region size 1024K, 1 young (1024K), 0 survivors (0K)
 Metaspace       used 58169K, committed 58944K, reserved 1114112K
  class space    used 7200K, committed 7488K, reserved 1048576K
}
Event: 2470.393 GC heap after
{Heap after GC invocations=232 (full 216):
 garbage-first heap   total 110592K, used 36693K [0x00000000c0000000, 0x0000000100000000)
  region size 1024K, 0 young (0K), 0 survivors (0K)
 Metaspace       used 58169K, committed 58944K, reserved 1114112K
  class space    used 7200K, committed 7488K, reserved 1048576K
}
Event: 2480.803 GC heap before
{Heap before GC invocations=232 (full 216):
 garbage-first heap   total 110592K, used 36693K [0x00000000c0000000, 0x0000000100000000)
  region size 1024K, 1 young (1024K), 0 survivors (0K)
 Metaspace       used 58169K, committed 58944K, reserved 1114112K
  class space    used 7200K, committed 7488K, reserved 1048576K
}
Event: 2480.877 GC heap after
{Heap after GC invocations=233 (full 217):
 garbage-first heap   total 110592K, used 36693K [0x00000000c0000000, 0x0000000100000000)
  region size 1024K, 0 young (0K), 0 survivors (0K)
 Metaspace       used 58169K, committed 58944K, reserved 1114112K
  class space    used 7200K, committed 7488K, reserved 1048576K
}
Event: 2491.267 GC heap before
{Heap before GC invocations=233 (full 217):
 garbage-first heap   total 110592K, used 36693K [0x00000000c0000000, 0x0000000100000000)
  region size 1024K, 1 young (1024K), 0 survivors (0K)
 Metaspace       used 58169K, committed 58944K, reserved 1114112K
  class space    used 7200K, committed 7488K, reserved 1048576K
}
Event: 2491.316 GC heap after
{Heap after GC invocations=234 (full 218):
 garbage-first heap   total 110592K, used 36693K [0x00000000c0000000, 0x0000000100000000)
  region size 1024K, 0 young (0K), 0 survivors (0K)
 Metaspace       used 58169K, committed 58944K, reserved 1114112K
  class space    used 7200K, committed 7488K, reserved 1048576K
}
Event: 2502.312 GC heap before
{Heap before GC invocations=234 (full 218):
 garbage-first heap   total 110592K, used 36693K [0x00000000c0000000, 0x0000000100000000)
  region size 1024K, 1 young (1024K), 0 survivors (0K)
 Metaspace       used 58169K, committed 58944K, reserved 1114112K
  class space    used 7200K, committed 7488K, reserved 1048576K
}
Event: 2502.387 GC heap after
{Heap after GC invocations=235 (full 219):
 garbage-first heap   total 110592K, used 36693K [0x00000000c0000000, 0x0000000100000000)
  region size 1024K, 0 young (0K), 0 survivors (0K)
 Metaspace       used 58169K, committed 58944K, reserved 1114112K
  class space    used 7200K, committed 7488K, reserved 1048576K
}
Event: 2512.794 GC heap before
{Heap before GC invocations=235 (full 219):
 garbage-first heap   total 110592K, used 36693K [0x00000000c0000000, 0x0000000100000000)
  region size 1024K, 1 young (1024K), 0 survivors (0K)
 Metaspace       used 58169K, committed 58944K, reserved 1114112K
  class space    used 7200K, committed 7488K, reserved 1048576K
}
Event: 2512.867 GC heap after
{Heap after GC invocations=236 (full 220):
 garbage-first heap   total 110592K, used 36693K [0x00000000c0000000, 0x0000000100000000)
  region size 1024K, 0 young (0K), 0 survivors (0K)
 Metaspace       used 58169K, committed 58944K, reserved 1114112K
  class space    used 7200K, committed 7488K, reserved 1048576K
}

